[0.063s] Invoking command in '/home/aspen/ros2_ws/src/aspen_description/build/aspen_description': CMAKE_PREFIX_PATH=${CMAKE_PREFIX_PATH}:/opt/ros/humble /usr/bin/cmake --build /home/aspen/ros2_ws/src/aspen_description/build/aspen_description -- -j4 -l4
[0.211s] Invoked command in '/home/aspen/ros2_ws/src/aspen_description/build/aspen_description' returned '0': CMAKE_PREFIX_PATH=${CMAKE_PREFIX_PATH}:/opt/ros/humble /usr/bin/cmake --build /home/aspen/ros2_ws/src/aspen_description/build/aspen_description -- -j4 -l4
[0.347s] Invoking command in '/home/aspen/ros2_ws/src/aspen_description/build/aspen_description': CMAKE_PREFIX_PATH=${CMAKE_PREFIX_PATH}:/opt/ros/humble /usr/bin/cmake --install /home/aspen/ros2_ws/src/aspen_description/build/aspen_description
[0.371s] -- Install configuration: ""
[0.372s] -- Up-to-date: /home/aspen/ros2_ws/src/aspen_description/install/aspen_description/share/aspen_description/src
[0.373s] -- Installing: /home/aspen/ros2_ws/src/aspen_description/install/aspen_description/share/aspen_description/src/description
[0.373s] -- Installing: /home/aspen/ros2_ws/src/aspen_description/install/aspen_description/share/aspen_description/src/description/aspen_description.urdf
[0.374s] -- Up-to-date: /home/aspen/ros2_ws/src/aspen_description/install/aspen_description/share/aspen_description/launch
[0.375s] -- Up-to-date: /home/aspen/ros2_ws/src/aspen_description/install/aspen_description/share/aspen_description/launch/display.launch.py
[0.376s] -- Up-to-date: /home/aspen/ros2_ws/src/aspen_description/install/aspen_description/share/aspen_description/rviz
[0.377s] -- Up-to-date: /home/aspen/ros2_ws/src/aspen_description/install/aspen_description/share/aspen_description/rviz/urdf_config.rviz
[0.378s] -- Up-to-date: /home/aspen/ros2_ws/src/aspen_description/install/aspen_description/share/ament_index/resource_index/package_run_dependencies/aspen_description
[0.378s] -- Up-to-date: /home/aspen/ros2_ws/src/aspen_description/install/aspen_description/share/ament_index/resource_index/parent_prefix_path/aspen_description
[0.379s] -- Up-to-date: /home/aspen/ros2_ws/src/aspen_description/install/aspen_description/share/aspen_description/environment/ament_prefix_path.sh
[0.380s] -- Up-to-date: /home/aspen/ros2_ws/src/aspen_description/install/aspen_description/share/aspen_description/environment/ament_prefix_path.dsv
[0.381s] -- Up-to-date: /home/aspen/ros2_ws/src/aspen_description/install/aspen_description/share/aspen_description/environment/path.sh
[0.382s] -- Up-to-date: /home/aspen/ros2_ws/src/aspen_description/install/aspen_description/share/aspen_description/environment/path.dsv
[0.382s] -- Up-to-date: /home/aspen/ros2_ws/src/aspen_description/install/aspen_description/share/aspen_description/local_setup.bash
[0.383s] -- Up-to-date: /home/aspen/ros2_ws/src/aspen_description/install/aspen_description/share/aspen_description/local_setup.sh
[0.384s] -- Up-to-date: /home/aspen/ros2_ws/src/aspen_description/install/aspen_description/share/aspen_description/local_setup.zsh
[0.385s] -- Up-to-date: /home/aspen/ros2_ws/src/aspen_description/install/aspen_description/share/aspen_description/local_setup.dsv
[0.386s] -- Up-to-date: /home/aspen/ros2_ws/src/aspen_description/install/aspen_description/share/aspen_description/package.dsv
[0.387s] -- Up-to-date: /home/aspen/ros2_ws/src/aspen_description/install/aspen_description/share/ament_index/resource_index/packages/aspen_description
[0.389s] -- Up-to-date: /home/aspen/ros2_ws/src/aspen_description/install/aspen_description/share/aspen_description/cmake/aspen_descriptionConfig.cmake
[0.392s] -- Up-to-date: /home/aspen/ros2_ws/src/aspen_description/install/aspen_description/share/aspen_description/cmake/aspen_descriptionConfig-version.cmake
[0.393s] -- Up-to-date: /home/aspen/ros2_ws/src/aspen_description/install/aspen_description/share/aspen_description/package.xml
[0.394s] Invoked command in '/home/aspen/ros2_ws/src/aspen_description/build/aspen_description' returned '0': CMAKE_PREFIX_PATH=${CMAKE_PREFIX_PATH}:/opt/ros/humble /usr/bin/cmake --install /home/aspen/ros2_ws/src/aspen_description/build/aspen_description
