[1.330s] DEBUG:colcon:Command line arguments: ['/usr/bin/colcon', 'build']
[1.331s] DEBUG:colcon:Parsed command line arguments: Namespace(log_base=None, log_level=None, verb_name='build', build_base='build', install_base='install', merge_install=False, symlink_install=False, test_result_base=None, continue_on_error=False, executor='parallel', parallel_workers=4, event_handlers=None, ignore_user_meta=False, metas=['./colcon.meta'], base_paths=['.'], packages_ignore=None, packages_ignore_regex=None, paths=None, packages_up_to=None, packages_up_to_regex=None, packages_above=None, packages_above_and_dependencies=None, packages_above_depth=None, packages_select_by_dep=None, packages_skip_by_dep=None, packages_skip_up_to=None, packages_select_build_failed=False, packages_skip_build_finished=False, packages_select_test_failures=False, packages_skip_test_passed=False, packages_select=None, packages_skip=None, packages_select_regex=None, packages_skip_regex=None, packages_start=None, packages_end=None, allow_overriding=[], cmake_args=None, cmake_target=None, cmake_target_skip_unavailable=False, cmake_clean_cache=False, cmake_clean_first=False, cmake_force_configure=False, ament_cmake_args=None, catkin_cmake_args=None, catkin_skip_building_tests=False, verb_parser=<colcon_defaults.argument_parser.defaults.DefaultArgumentsDecorator object at 0xffff9874f7c0>, verb_extension=<colcon_core.verb.build.BuildVerb object at 0xffff98ad33a0>, main=<bound method BuildVerb.main of <colcon_core.verb.build.BuildVerb object at 0xffff98ad33a0>>)
[1.427s] Level 1:colcon.colcon_core.package_discovery:discover_packages(colcon_meta) check parameters
[1.428s] Level 1:colcon.colcon_core.package_discovery:discover_packages(recursive) check parameters
[1.428s] Level 1:colcon.colcon_core.package_discovery:discover_packages(ignore) check parameters
[1.428s] Level 1:colcon.colcon_core.package_discovery:discover_packages(path) check parameters
[1.428s] Level 1:colcon.colcon_core.package_discovery:discover_packages(colcon_meta) discover
[1.428s] Level 1:colcon.colcon_core.package_discovery:discover_packages(recursive) discover
[1.428s] INFO:colcon.colcon_core.package_discovery:Crawling recursively for packages in '/home/aspen/ros2_ws/src/aspen_description'
[1.429s] Level 1:colcon.colcon_core.package_identification:_identify(.) by extensions ['ignore', 'ignore_ament_install']
[1.429s] Level 1:colcon.colcon_core.package_identification:_identify(.) by extension 'ignore'
[1.430s] Level 1:colcon.colcon_core.package_identification:_identify(.) by extension 'ignore_ament_install'
[1.430s] Level 1:colcon.colcon_core.package_identification:_identify(.) by extensions ['colcon_pkg']
[1.430s] Level 1:colcon.colcon_core.package_identification:_identify(.) by extension 'colcon_pkg'
[1.430s] Level 1:colcon.colcon_core.package_identification:_identify(.) by extensions ['colcon_meta']
[1.430s] Level 1:colcon.colcon_core.package_identification:_identify(.) by extension 'colcon_meta'
[1.430s] Level 1:colcon.colcon_core.package_identification:_identify(.) by extensions ['ros']
[1.431s] Level 1:colcon.colcon_core.package_identification:_identify(.) by extension 'ros'
[1.516s] DEBUG:colcon.colcon_core.package_identification:Package '.' with type 'ros.ament_cmake' and name 'aspen_description'
[1.516s] Level 1:colcon.colcon_core.package_discovery:discover_packages(recursive) using defaults
[1.516s] Level 1:colcon.colcon_core.package_discovery:discover_packages(ignore) discover
[1.516s] Level 1:colcon.colcon_core.package_discovery:discover_packages(ignore) using defaults
[1.516s] Level 1:colcon.colcon_core.package_discovery:discover_packages(path) discover
[1.516s] Level 1:colcon.colcon_core.package_discovery:discover_packages(path) using defaults
[1.607s] Level 1:colcon.colcon_core.package_discovery:discover_packages(prefix_path) check parameters
[1.608s] Level 1:colcon.colcon_core.package_discovery:discover_packages(prefix_path) discover
[1.620s] DEBUG:colcon.colcon_installed_package_information.package_discovery:Found 1 installed packages in /home/aspen/ros2_ws/src/aspen_description/install
[1.630s] DEBUG:colcon.colcon_installed_package_information.package_discovery:Found 273 installed packages in /opt/ros/humble
[1.637s] Level 1:colcon.colcon_core.package_discovery:discover_packages(prefix_path) using defaults
[1.909s] Level 5:colcon.colcon_core.verb:set package 'aspen_description' build argument 'cmake_args' from command line to 'None'
[1.909s] Level 5:colcon.colcon_core.verb:set package 'aspen_description' build argument 'cmake_target' from command line to 'None'
[1.910s] Level 5:colcon.colcon_core.verb:set package 'aspen_description' build argument 'cmake_target_skip_unavailable' from command line to 'False'
[1.910s] Level 5:colcon.colcon_core.verb:set package 'aspen_description' build argument 'cmake_clean_cache' from command line to 'False'
[1.910s] Level 5:colcon.colcon_core.verb:set package 'aspen_description' build argument 'cmake_clean_first' from command line to 'False'
[1.910s] Level 5:colcon.colcon_core.verb:set package 'aspen_description' build argument 'cmake_force_configure' from command line to 'False'
[1.910s] Level 5:colcon.colcon_core.verb:set package 'aspen_description' build argument 'ament_cmake_args' from command line to 'None'
[1.910s] Level 5:colcon.colcon_core.verb:set package 'aspen_description' build argument 'catkin_cmake_args' from command line to 'None'
[1.911s] Level 5:colcon.colcon_core.verb:set package 'aspen_description' build argument 'catkin_skip_building_tests' from command line to 'False'
[1.911s] DEBUG:colcon.colcon_core.verb:Building package 'aspen_description' with the following arguments: {'ament_cmake_args': None, 'build_base': '/home/aspen/ros2_ws/src/aspen_description/build/aspen_description', 'catkin_cmake_args': None, 'catkin_skip_building_tests': False, 'cmake_args': None, 'cmake_clean_cache': False, 'cmake_clean_first': False, 'cmake_force_configure': False, 'cmake_target': None, 'cmake_target_skip_unavailable': False, 'install_base': '/home/aspen/ros2_ws/src/aspen_description/install/aspen_description', 'merge_install': False, 'path': '/home/aspen/ros2_ws/src/aspen_description', 'symlink_install': False, 'test_result_base': None}
[1.914s] INFO:colcon.colcon_core.executor:Executing jobs using 'parallel' executor
[1.928s] DEBUG:colcon.colcon_parallel_executor.executor.parallel:run_until_complete
[1.929s] INFO:colcon.colcon_ros.task.ament_cmake.build:Building ROS package in '/home/aspen/ros2_ws/src/aspen_description' with build type 'ament_cmake'
[1.930s] INFO:colcon.colcon_cmake.task.cmake.build:Building CMake package in '/home/aspen/ros2_ws/src/aspen_description'
[1.949s] INFO:colcon.colcon_core.plugin_system:Skipping extension 'colcon_core.shell.bat': Not used on non-Windows systems
[1.950s] INFO:colcon.colcon_core.shell:Skip shell extension 'powershell' for command environment: Not usable outside of PowerShell
[1.950s] DEBUG:colcon.colcon_core.shell:Skip shell extension 'dsv' for command environment
[2.007s] DEBUG:colcon.colcon_core.event_handler.log_command:Invoking command in '/home/aspen/ros2_ws/src/aspen_description/build/aspen_description': CMAKE_PREFIX_PATH=${CMAKE_PREFIX_PATH}:/opt/ros/humble /usr/bin/cmake --build /home/aspen/ros2_ws/src/aspen_description/build/aspen_description -- -j4 -l4
[2.159s] DEBUG:colcon.colcon_core.event_handler.log_command:Invoked command in '/home/aspen/ros2_ws/src/aspen_description/build/aspen_description' returned '0': CMAKE_PREFIX_PATH=${CMAKE_PREFIX_PATH}:/opt/ros/humble /usr/bin/cmake --build /home/aspen/ros2_ws/src/aspen_description/build/aspen_description -- -j4 -l4
[2.308s] DEBUG:colcon.colcon_core.event_handler.log_command:Invoking command in '/home/aspen/ros2_ws/src/aspen_description/build/aspen_description': CMAKE_PREFIX_PATH=${CMAKE_PREFIX_PATH}:/opt/ros/humble /usr/bin/cmake --install /home/aspen/ros2_ws/src/aspen_description/build/aspen_description
[2.356s] Level 1:colcon.colcon_core.environment:create_environment_scripts_only(aspen_description)
[2.360s] DEBUG:colcon.colcon_core.event_handler.log_command:Invoked command in '/home/aspen/ros2_ws/src/aspen_description/build/aspen_description' returned '0': CMAKE_PREFIX_PATH=${CMAKE_PREFIX_PATH}:/opt/ros/humble /usr/bin/cmake --install /home/aspen/ros2_ws/src/aspen_description/build/aspen_description
[2.381s] Level 1:colcon.colcon_core.environment:checking '/home/aspen/ros2_ws/src/aspen_description/install/aspen_description' for CMake module files
[2.384s] Level 1:colcon.colcon_core.environment:checking '/home/aspen/ros2_ws/src/aspen_description/install/aspen_description' for CMake config files
[2.387s] Level 1:colcon.colcon_core.shell:create_environment_hook('aspen_description', 'cmake_prefix_path')
[2.392s] INFO:colcon.colcon_core.shell:Creating environment hook '/home/aspen/ros2_ws/src/aspen_description/install/aspen_description/share/aspen_description/hook/cmake_prefix_path.ps1'
[2.395s] INFO:colcon.colcon_core.shell:Creating environment descriptor '/home/aspen/ros2_ws/src/aspen_description/install/aspen_description/share/aspen_description/hook/cmake_prefix_path.dsv'
[2.398s] INFO:colcon.colcon_core.shell:Creating environment hook '/home/aspen/ros2_ws/src/aspen_description/install/aspen_description/share/aspen_description/hook/cmake_prefix_path.sh'
[2.402s] Level 1:colcon.colcon_core.environment:checking '/home/aspen/ros2_ws/src/aspen_description/install/aspen_description/bin'
[2.403s] Level 1:colcon.colcon_core.environment:checking '/home/aspen/ros2_ws/src/aspen_description/install/aspen_description/lib/pkgconfig/aspen_description.pc'
[2.404s] Level 1:colcon.colcon_core.environment:checking '/home/aspen/ros2_ws/src/aspen_description/install/aspen_description/lib/python3.10/site-packages'
[2.405s] Level 1:colcon.colcon_core.environment:checking '/home/aspen/ros2_ws/src/aspen_description/install/aspen_description/bin'
[2.411s] INFO:colcon.colcon_core.shell:Creating package script '/home/aspen/ros2_ws/src/aspen_description/install/aspen_description/share/aspen_description/package.ps1'
[2.414s] INFO:colcon.colcon_core.shell:Creating package descriptor '/home/aspen/ros2_ws/src/aspen_description/install/aspen_description/share/aspen_description/package.dsv'
[2.417s] INFO:colcon.colcon_core.shell:Creating package script '/home/aspen/ros2_ws/src/aspen_description/install/aspen_description/share/aspen_description/package.sh'
[2.421s] INFO:colcon.colcon_core.shell:Creating package script '/home/aspen/ros2_ws/src/aspen_description/install/aspen_description/share/aspen_description/package.bash'
[2.424s] INFO:colcon.colcon_core.shell:Creating package script '/home/aspen/ros2_ws/src/aspen_description/install/aspen_description/share/aspen_description/package.zsh'
[2.427s] Level 1:colcon.colcon_core.environment:create_file_with_runtime_dependencies(/home/aspen/ros2_ws/src/aspen_description/install/aspen_description/share/colcon-core/packages/aspen_description)
[2.550s] Level 1:colcon.colcon_core.environment:create_environment_scripts_only(aspen_description)
[2.562s] Level 1:colcon.colcon_core.environment:checking '/home/aspen/ros2_ws/src/aspen_description/install/aspen_description' for CMake module files
[2.565s] Level 1:colcon.colcon_core.environment:checking '/home/aspen/ros2_ws/src/aspen_description/install/aspen_description' for CMake config files
[2.569s] Level 1:colcon.colcon_core.shell:create_environment_hook('aspen_description', 'cmake_prefix_path')
[2.576s] INFO:colcon.colcon_core.shell:Creating environment hook '/home/aspen/ros2_ws/src/aspen_description/install/aspen_description/share/aspen_description/hook/cmake_prefix_path.ps1'
[2.579s] INFO:colcon.colcon_core.shell:Creating environment descriptor '/home/aspen/ros2_ws/src/aspen_description/install/aspen_description/share/aspen_description/hook/cmake_prefix_path.dsv'
[2.581s] INFO:colcon.colcon_core.shell:Creating environment hook '/home/aspen/ros2_ws/src/aspen_description/install/aspen_description/share/aspen_description/hook/cmake_prefix_path.sh'
[2.584s] Level 1:colcon.colcon_core.environment:checking '/home/aspen/ros2_ws/src/aspen_description/install/aspen_description/bin'
[2.585s] Level 1:colcon.colcon_core.environment:checking '/home/aspen/ros2_ws/src/aspen_description/install/aspen_description/lib/pkgconfig/aspen_description.pc'
[2.586s] Level 1:colcon.colcon_core.environment:checking '/home/aspen/ros2_ws/src/aspen_description/install/aspen_description/lib/python3.10/site-packages'
[2.587s] Level 1:colcon.colcon_core.environment:checking '/home/aspen/ros2_ws/src/aspen_description/install/aspen_description/bin'
[2.594s] INFO:colcon.colcon_core.shell:Creating package script '/home/aspen/ros2_ws/src/aspen_description/install/aspen_description/share/aspen_description/package.ps1'
[2.597s] INFO:colcon.colcon_core.shell:Creating package descriptor '/home/aspen/ros2_ws/src/aspen_description/install/aspen_description/share/aspen_description/package.dsv'
[2.600s] INFO:colcon.colcon_core.shell:Creating package script '/home/aspen/ros2_ws/src/aspen_description/install/aspen_description/share/aspen_description/package.sh'
[2.603s] INFO:colcon.colcon_core.shell:Creating package script '/home/aspen/ros2_ws/src/aspen_description/install/aspen_description/share/aspen_description/package.bash'
[2.606s] INFO:colcon.colcon_core.shell:Creating package script '/home/aspen/ros2_ws/src/aspen_description/install/aspen_description/share/aspen_description/package.zsh'
[2.609s] Level 1:colcon.colcon_core.environment:create_file_with_runtime_dependencies(/home/aspen/ros2_ws/src/aspen_description/install/aspen_description/share/colcon-core/packages/aspen_description)
[2.611s] DEBUG:colcon.colcon_parallel_executor.executor.parallel:closing loop
[2.612s] DEBUG:colcon.colcon_parallel_executor.executor.parallel:loop closed
[2.613s] DEBUG:colcon.colcon_parallel_executor.executor.parallel:run_until_complete finished with '0'
[2.614s] DEBUG:colcon.colcon_core.event_reactor:joining thread
[2.648s] INFO:colcon.colcon_core.plugin_system:Skipping extension 'colcon_notification.desktop_notification.notify_send': Could not find 'notify-send'
[2.648s] INFO:colcon.colcon_core.plugin_system:Skipping extension 'colcon_notification.desktop_notification.terminal_notifier': Not used on non-Darwin systems
[2.649s] INFO:colcon.colcon_core.plugin_system:Skipping extension 'colcon_notification.desktop_notification.win32': Not used on non-Windows systems
[2.649s] INFO:colcon.colcon_notification.desktop_notification:Sending desktop notification using 'notify2'
[2.652s] DEBUG:colcon.colcon_notification.desktop_notification.notify2:Failed to initialize notify2: org.freedesktop.DBus.Error.ServiceUnknown: The name org.freedesktop.Notifications was not provided by any .service files
[2.652s] DEBUG:colcon.colcon_core.event_reactor:joined thread
[2.658s] INFO:colcon.colcon_core.shell:Creating prefix script '/home/aspen/ros2_ws/src/aspen_description/install/local_setup.ps1'
[2.663s] INFO:colcon.colcon_core.shell:Creating prefix util module '/home/aspen/ros2_ws/src/aspen_description/install/_local_setup_util_ps1.py'
[2.670s] INFO:colcon.colcon_core.shell:Creating prefix chain script '/home/aspen/ros2_ws/src/aspen_description/install/setup.ps1'
[2.676s] INFO:colcon.colcon_core.shell:Creating prefix script '/home/aspen/ros2_ws/src/aspen_description/install/local_setup.sh'
[2.680s] INFO:colcon.colcon_core.shell:Creating prefix util module '/home/aspen/ros2_ws/src/aspen_description/install/_local_setup_util_sh.py'
[2.683s] INFO:colcon.colcon_core.shell:Creating prefix chain script '/home/aspen/ros2_ws/src/aspen_description/install/setup.sh'
[2.691s] INFO:colcon.colcon_core.shell:Creating prefix script '/home/aspen/ros2_ws/src/aspen_description/install/local_setup.bash'
[2.695s] INFO:colcon.colcon_core.shell:Creating prefix chain script '/home/aspen/ros2_ws/src/aspen_description/install/setup.bash'
[2.703s] INFO:colcon.colcon_core.shell:Creating prefix script '/home/aspen/ros2_ws/src/aspen_description/install/local_setup.zsh'
[2.706s] INFO:colcon.colcon_core.shell:Creating prefix chain script '/home/aspen/ros2_ws/src/aspen_description/install/setup.zsh'
