[1.498s] DEBUG:colcon:Command line arguments: ['/usr/bin/colcon', 'build']
[1.499s] DEBUG:colcon:Parsed command line arguments: Namespace(log_base=None, log_level=None, verb_name='build', build_base='build', install_base='install', merge_install=False, symlink_install=False, test_result_base=None, continue_on_error=False, executor='parallel', parallel_workers=4, event_handlers=None, ignore_user_meta=False, metas=['./colcon.meta'], base_paths=['.'], packages_ignore=None, packages_ignore_regex=None, paths=None, packages_up_to=None, packages_up_to_regex=None, packages_above=None, packages_above_and_dependencies=None, packages_above_depth=None, packages_select_by_dep=None, packages_skip_by_dep=None, packages_skip_up_to=None, packages_select_build_failed=False, packages_skip_build_finished=False, packages_select_test_failures=False, packages_skip_test_passed=False, packages_select=None, packages_skip=None, packages_select_regex=None, packages_skip_regex=None, packages_start=None, packages_end=None, allow_overriding=[], cmake_args=None, cmake_target=None, cmake_target_skip_unavailable=False, cmake_clean_cache=False, cmake_clean_first=False, cmake_force_configure=False, ament_cmake_args=None, catkin_cmake_args=None, catkin_skip_building_tests=False, verb_parser=<colcon_defaults.argument_parser.defaults.DefaultArgumentsDecorator object at 0xffffab477490>, verb_extension=<colcon_core.verb.build.BuildVerb object at 0xffffab762da0>, main=<bound method BuildVerb.main of <colcon_core.verb.build.BuildVerb object at 0xffffab762da0>>)
[1.680s] Level 1:colcon.colcon_core.package_discovery:discover_packages(colcon_meta) check parameters
[1.681s] Level 1:colcon.colcon_core.package_discovery:discover_packages(recursive) check parameters
[1.681s] Level 1:colcon.colcon_core.package_discovery:discover_packages(ignore) check parameters
[1.681s] Level 1:colcon.colcon_core.package_discovery:discover_packages(path) check parameters
[1.681s] Level 1:colcon.colcon_core.package_discovery:discover_packages(colcon_meta) discover
[1.682s] Level 1:colcon.colcon_core.package_discovery:discover_packages(recursive) discover
[1.682s] INFO:colcon.colcon_core.package_discovery:Crawling recursively for packages in '/home/aspen/ros2_ws/src/aspen_description'
[1.682s] Level 1:colcon.colcon_core.package_identification:_identify(.) by extensions ['ignore', 'ignore_ament_install']
[1.683s] Level 1:colcon.colcon_core.package_identification:_identify(.) by extension 'ignore'
[1.683s] Level 1:colcon.colcon_core.package_identification:_identify(.) by extension 'ignore_ament_install'
[1.683s] Level 1:colcon.colcon_core.package_identification:_identify(.) by extensions ['colcon_pkg']
[1.684s] Level 1:colcon.colcon_core.package_identification:_identify(.) by extension 'colcon_pkg'
[1.684s] Level 1:colcon.colcon_core.package_identification:_identify(.) by extensions ['colcon_meta']
[1.684s] Level 1:colcon.colcon_core.package_identification:_identify(.) by extension 'colcon_meta'
[1.684s] Level 1:colcon.colcon_core.package_identification:_identify(.) by extensions ['ros']
[1.684s] Level 1:colcon.colcon_core.package_identification:_identify(.) by extension 'ros'
[1.795s] DEBUG:colcon.colcon_core.package_identification:Package '.' with type 'ros.ament_cmake' and name 'aspen_description'
[1.796s] Level 1:colcon.colcon_core.package_discovery:discover_packages(recursive) using defaults
[1.796s] Level 1:colcon.colcon_core.package_discovery:discover_packages(ignore) discover
[1.796s] Level 1:colcon.colcon_core.package_discovery:discover_packages(ignore) using defaults
[1.796s] Level 1:colcon.colcon_core.package_discovery:discover_packages(path) discover
[1.796s] Level 1:colcon.colcon_core.package_discovery:discover_packages(path) using defaults
[1.930s] Level 1:colcon.colcon_core.package_discovery:discover_packages(prefix_path) check parameters
[1.930s] Level 1:colcon.colcon_core.package_discovery:discover_packages(prefix_path) discover
[1.949s] DEBUG:colcon.colcon_installed_package_information.package_discovery:Found 270 installed packages in /opt/ros/humble
[1.955s] Level 1:colcon.colcon_core.package_discovery:discover_packages(prefix_path) using defaults
[2.217s] Level 5:colcon.colcon_core.verb:set package 'aspen_description' build argument 'cmake_args' from command line to 'None'
[2.217s] Level 5:colcon.colcon_core.verb:set package 'aspen_description' build argument 'cmake_target' from command line to 'None'
[2.217s] Level 5:colcon.colcon_core.verb:set package 'aspen_description' build argument 'cmake_target_skip_unavailable' from command line to 'False'
[2.217s] Level 5:colcon.colcon_core.verb:set package 'aspen_description' build argument 'cmake_clean_cache' from command line to 'False'
[2.218s] Level 5:colcon.colcon_core.verb:set package 'aspen_description' build argument 'cmake_clean_first' from command line to 'False'
[2.218s] Level 5:colcon.colcon_core.verb:set package 'aspen_description' build argument 'cmake_force_configure' from command line to 'False'
[2.218s] Level 5:colcon.colcon_core.verb:set package 'aspen_description' build argument 'ament_cmake_args' from command line to 'None'
[2.219s] Level 5:colcon.colcon_core.verb:set package 'aspen_description' build argument 'catkin_cmake_args' from command line to 'None'
[2.219s] Level 5:colcon.colcon_core.verb:set package 'aspen_description' build argument 'catkin_skip_building_tests' from command line to 'False'
[2.219s] DEBUG:colcon.colcon_core.verb:Building package 'aspen_description' with the following arguments: {'ament_cmake_args': None, 'build_base': '/home/aspen/ros2_ws/src/aspen_description/build/aspen_description', 'catkin_cmake_args': None, 'catkin_skip_building_tests': False, 'cmake_args': None, 'cmake_clean_cache': False, 'cmake_clean_first': False, 'cmake_force_configure': False, 'cmake_target': None, 'cmake_target_skip_unavailable': False, 'install_base': '/home/aspen/ros2_ws/src/aspen_description/install/aspen_description', 'merge_install': False, 'path': '/home/aspen/ros2_ws/src/aspen_description', 'symlink_install': False, 'test_result_base': None}
[2.223s] INFO:colcon.colcon_core.executor:Executing jobs using 'parallel' executor
[2.239s] DEBUG:colcon.colcon_parallel_executor.executor.parallel:run_until_complete
[2.241s] INFO:colcon.colcon_ros.task.ament_cmake.build:Building ROS package in '/home/aspen/ros2_ws/src/aspen_description' with build type 'ament_cmake'
[2.241s] INFO:colcon.colcon_cmake.task.cmake.build:Building CMake package in '/home/aspen/ros2_ws/src/aspen_description'
[2.262s] INFO:colcon.colcon_core.plugin_system:Skipping extension 'colcon_core.shell.bat': Not used on non-Windows systems
[2.264s] INFO:colcon.colcon_core.shell:Skip shell extension 'powershell' for command environment: Not usable outside of PowerShell
[2.264s] DEBUG:colcon.colcon_core.shell:Skip shell extension 'dsv' for command environment
[2.311s] DEBUG:colcon.colcon_core.event_handler.log_command:Invoking command in '/home/aspen/ros2_ws/src/aspen_description/build/aspen_description': CMAKE_PREFIX_PATH=/opt/ros/humble /usr/bin/cmake --build /home/aspen/ros2_ws/src/aspen_description/build/aspen_description -- -j4 -l4
[4.517s] DEBUG:colcon.colcon_core.event_handler.log_command:Invoked command in '/home/aspen/ros2_ws/src/aspen_description/build/aspen_description' returned '0': CMAKE_PREFIX_PATH=/opt/ros/humble /usr/bin/cmake --build /home/aspen/ros2_ws/src/aspen_description/build/aspen_description -- -j4 -l4
[4.670s] DEBUG:colcon.colcon_core.event_handler.log_command:Invoking command in '/home/aspen/ros2_ws/src/aspen_description/build/aspen_description': CMAKE_PREFIX_PATH=/opt/ros/humble /usr/bin/cmake --install /home/aspen/ros2_ws/src/aspen_description/build/aspen_description
[4.726s] Level 1:colcon.colcon_core.environment:create_environment_scripts_only(aspen_description)
[4.729s] DEBUG:colcon.colcon_core.event_handler.log_command:Invoked command in '/home/aspen/ros2_ws/src/aspen_description/build/aspen_description' returned '0': CMAKE_PREFIX_PATH=/opt/ros/humble /usr/bin/cmake --install /home/aspen/ros2_ws/src/aspen_description/build/aspen_description
[4.748s] Level 1:colcon.colcon_core.environment:checking '/home/aspen/ros2_ws/src/aspen_description/install/aspen_description' for CMake module files
[4.752s] Level 1:colcon.colcon_core.environment:checking '/home/aspen/ros2_ws/src/aspen_description/install/aspen_description' for CMake config files
[4.755s] Level 1:colcon.colcon_core.shell:create_environment_hook('aspen_description', 'cmake_prefix_path')
[4.761s] INFO:colcon.colcon_core.shell:Creating environment hook '/home/aspen/ros2_ws/src/aspen_description/install/aspen_description/share/aspen_description/hook/cmake_prefix_path.ps1'
[4.763s] INFO:colcon.colcon_core.shell:Creating environment descriptor '/home/aspen/ros2_ws/src/aspen_description/install/aspen_description/share/aspen_description/hook/cmake_prefix_path.dsv'
[4.765s] INFO:colcon.colcon_core.shell:Creating environment hook '/home/aspen/ros2_ws/src/aspen_description/install/aspen_description/share/aspen_description/hook/cmake_prefix_path.sh'
[4.769s] Level 1:colcon.colcon_core.environment:checking '/home/aspen/ros2_ws/src/aspen_description/install/aspen_description/bin'
[4.770s] Level 1:colcon.colcon_core.environment:checking '/home/aspen/ros2_ws/src/aspen_description/install/aspen_description/lib/pkgconfig/aspen_description.pc'
[4.771s] Level 1:colcon.colcon_core.environment:checking '/home/aspen/ros2_ws/src/aspen_description/install/aspen_description/lib/python3.10/site-packages'
[4.772s] Level 1:colcon.colcon_core.environment:checking '/home/aspen/ros2_ws/src/aspen_description/install/aspen_description/bin'
[4.777s] INFO:colcon.colcon_core.shell:Creating package script '/home/aspen/ros2_ws/src/aspen_description/install/aspen_description/share/aspen_description/package.ps1'
[4.780s] INFO:colcon.colcon_core.shell:Creating package descriptor '/home/aspen/ros2_ws/src/aspen_description/install/aspen_description/share/aspen_description/package.dsv'
[4.783s] INFO:colcon.colcon_core.shell:Creating package script '/home/aspen/ros2_ws/src/aspen_description/install/aspen_description/share/aspen_description/package.sh'
[4.786s] INFO:colcon.colcon_core.shell:Creating package script '/home/aspen/ros2_ws/src/aspen_description/install/aspen_description/share/aspen_description/package.bash'
[4.789s] INFO:colcon.colcon_core.shell:Creating package script '/home/aspen/ros2_ws/src/aspen_description/install/aspen_description/share/aspen_description/package.zsh'
[4.792s] Level 1:colcon.colcon_core.environment:create_file_with_runtime_dependencies(/home/aspen/ros2_ws/src/aspen_description/install/aspen_description/share/colcon-core/packages/aspen_description)
[4.909s] Level 1:colcon.colcon_core.environment:create_environment_scripts_only(aspen_description)
[4.919s] Level 1:colcon.colcon_core.environment:checking '/home/aspen/ros2_ws/src/aspen_description/install/aspen_description' for CMake module files
[4.922s] Level 1:colcon.colcon_core.environment:checking '/home/aspen/ros2_ws/src/aspen_description/install/aspen_description' for CMake config files
[4.925s] Level 1:colcon.colcon_core.shell:create_environment_hook('aspen_description', 'cmake_prefix_path')
[4.930s] INFO:colcon.colcon_core.shell:Creating environment hook '/home/aspen/ros2_ws/src/aspen_description/install/aspen_description/share/aspen_description/hook/cmake_prefix_path.ps1'
[4.932s] INFO:colcon.colcon_core.shell:Creating environment descriptor '/home/aspen/ros2_ws/src/aspen_description/install/aspen_description/share/aspen_description/hook/cmake_prefix_path.dsv'
[4.934s] INFO:colcon.colcon_core.shell:Creating environment hook '/home/aspen/ros2_ws/src/aspen_description/install/aspen_description/share/aspen_description/hook/cmake_prefix_path.sh'
[4.936s] Level 1:colcon.colcon_core.environment:checking '/home/aspen/ros2_ws/src/aspen_description/install/aspen_description/bin'
[4.937s] Level 1:colcon.colcon_core.environment:checking '/home/aspen/ros2_ws/src/aspen_description/install/aspen_description/lib/pkgconfig/aspen_description.pc'
[4.938s] Level 1:colcon.colcon_core.environment:checking '/home/aspen/ros2_ws/src/aspen_description/install/aspen_description/lib/python3.10/site-packages'
[4.939s] Level 1:colcon.colcon_core.environment:checking '/home/aspen/ros2_ws/src/aspen_description/install/aspen_description/bin'
[4.944s] INFO:colcon.colcon_core.shell:Creating package script '/home/aspen/ros2_ws/src/aspen_description/install/aspen_description/share/aspen_description/package.ps1'
[4.946s] INFO:colcon.colcon_core.shell:Creating package descriptor '/home/aspen/ros2_ws/src/aspen_description/install/aspen_description/share/aspen_description/package.dsv'
[4.948s] INFO:colcon.colcon_core.shell:Creating package script '/home/aspen/ros2_ws/src/aspen_description/install/aspen_description/share/aspen_description/package.sh'
[4.950s] INFO:colcon.colcon_core.shell:Creating package script '/home/aspen/ros2_ws/src/aspen_description/install/aspen_description/share/aspen_description/package.bash'
[4.952s] INFO:colcon.colcon_core.shell:Creating package script '/home/aspen/ros2_ws/src/aspen_description/install/aspen_description/share/aspen_description/package.zsh'
[4.955s] Level 1:colcon.colcon_core.environment:create_file_with_runtime_dependencies(/home/aspen/ros2_ws/src/aspen_description/install/aspen_description/share/colcon-core/packages/aspen_description)
[4.957s] DEBUG:colcon.colcon_parallel_executor.executor.parallel:closing loop
[4.958s] DEBUG:colcon.colcon_parallel_executor.executor.parallel:loop closed
[4.958s] DEBUG:colcon.colcon_parallel_executor.executor.parallel:run_until_complete finished with '0'
[4.959s] DEBUG:colcon.colcon_core.event_reactor:joining thread
[4.990s] INFO:colcon.colcon_core.plugin_system:Skipping extension 'colcon_notification.desktop_notification.notify_send': Could not find 'notify-send'
[4.990s] INFO:colcon.colcon_core.plugin_system:Skipping extension 'colcon_notification.desktop_notification.terminal_notifier': Not used on non-Darwin systems
[4.991s] INFO:colcon.colcon_core.plugin_system:Skipping extension 'colcon_notification.desktop_notification.win32': Not used on non-Windows systems
[4.991s] INFO:colcon.colcon_notification.desktop_notification:Sending desktop notification using 'notify2'
[5.027s] DEBUG:colcon.colcon_notification.desktop_notification.notify2:Failed to initialize notify2: org.freedesktop.DBus.Error.ServiceUnknown: The name org.freedesktop.Notifications was not provided by any .service files
[5.027s] DEBUG:colcon.colcon_core.event_reactor:joined thread
[5.034s] INFO:colcon.colcon_core.shell:Creating prefix script '/home/aspen/ros2_ws/src/aspen_description/install/local_setup.ps1'
[5.038s] INFO:colcon.colcon_core.shell:Creating prefix util module '/home/aspen/ros2_ws/src/aspen_description/install/_local_setup_util_ps1.py'
[5.044s] INFO:colcon.colcon_core.shell:Creating prefix chain script '/home/aspen/ros2_ws/src/aspen_description/install/setup.ps1'
[5.050s] INFO:colcon.colcon_core.shell:Creating prefix script '/home/aspen/ros2_ws/src/aspen_description/install/local_setup.sh'
[5.052s] INFO:colcon.colcon_core.shell:Creating prefix util module '/home/aspen/ros2_ws/src/aspen_description/install/_local_setup_util_sh.py'
[5.055s] INFO:colcon.colcon_core.shell:Creating prefix chain script '/home/aspen/ros2_ws/src/aspen_description/install/setup.sh'
[5.060s] INFO:colcon.colcon_core.shell:Creating prefix script '/home/aspen/ros2_ws/src/aspen_description/install/local_setup.bash'
[5.063s] INFO:colcon.colcon_core.shell:Creating prefix chain script '/home/aspen/ros2_ws/src/aspen_description/install/setup.bash'
[5.068s] INFO:colcon.colcon_core.shell:Creating prefix script '/home/aspen/ros2_ws/src/aspen_description/install/local_setup.zsh'
[5.070s] INFO:colcon.colcon_core.shell:Creating prefix chain script '/home/aspen/ros2_ws/src/aspen_description/install/setup.zsh'
