[1.342s] DEBUG:colcon:Command line arguments: ['/usr/bin/colcon', 'build']
[1.342s] DEBUG:colcon:Parsed command line arguments: Namespace(log_base=None, log_level=None, verb_name='build', build_base='build', install_base='install', merge_install=False, symlink_install=False, test_result_base=None, continue_on_error=False, executor='parallel', parallel_workers=4, event_handlers=None, ignore_user_meta=False, metas=['./colcon.meta'], base_paths=['.'], packages_ignore=None, packages_ignore_regex=None, paths=None, packages_up_to=None, packages_up_to_regex=None, packages_above=None, packages_above_and_dependencies=None, packages_above_depth=None, packages_select_by_dep=None, packages_skip_by_dep=None, packages_skip_up_to=None, packages_select_build_failed=False, packages_skip_build_finished=False, packages_select_test_failures=False, packages_skip_test_passed=False, packages_select=None, packages_skip=None, packages_select_regex=None, packages_skip_regex=None, packages_start=None, packages_end=None, allow_overriding=[], cmake_args=None, cmake_target=None, cmake_target_skip_unavailable=False, cmake_clean_cache=False, cmake_clean_first=False, cmake_force_configure=False, ament_cmake_args=None, catkin_cmake_args=None, catkin_skip_building_tests=False, verb_parser=<colcon_defaults.argument_parser.defaults.DefaultArgumentsDecorator object at 0xffff86fa3490>, verb_extension=<colcon_core.verb.build.BuildVerb object at 0xffff8798dc60>, main=<bound method BuildVerb.main of <colcon_core.verb.build.BuildVerb object at 0xffff8798dc60>>)
[1.437s] Level 1:colcon.colcon_core.package_discovery:discover_packages(colcon_meta) check parameters
[1.438s] Level 1:colcon.colcon_core.package_discovery:discover_packages(recursive) check parameters
[1.438s] Level 1:colcon.colcon_core.package_discovery:discover_packages(ignore) check parameters
[1.438s] Level 1:colcon.colcon_core.package_discovery:discover_packages(path) check parameters
[1.438s] Level 1:colcon.colcon_core.package_discovery:discover_packages(colcon_meta) discover
[1.438s] Level 1:colcon.colcon_core.package_discovery:discover_packages(recursive) discover
[1.439s] INFO:colcon.colcon_core.package_discovery:Crawling recursively for packages in '/home/aspen/ros2_ws/src/aspen_description'
[1.439s] Level 1:colcon.colcon_core.package_identification:_identify(.) by extensions ['ignore', 'ignore_ament_install']
[1.439s] Level 1:colcon.colcon_core.package_identification:_identify(.) by extension 'ignore'
[1.440s] Level 1:colcon.colcon_core.package_identification:_identify(.) by extension 'ignore_ament_install'
[1.440s] Level 1:colcon.colcon_core.package_identification:_identify(.) by extensions ['colcon_pkg']
[1.440s] Level 1:colcon.colcon_core.package_identification:_identify(.) by extension 'colcon_pkg'
[1.440s] Level 1:colcon.colcon_core.package_identification:_identify(.) by extensions ['colcon_meta']
[1.441s] Level 1:colcon.colcon_core.package_identification:_identify(.) by extension 'colcon_meta'
[1.441s] Level 1:colcon.colcon_core.package_identification:_identify(.) by extensions ['ros']
[1.441s] Level 1:colcon.colcon_core.package_identification:_identify(.) by extension 'ros'
[1.525s] DEBUG:colcon.colcon_core.package_identification:Package '.' with type 'ros.ament_cmake' and name 'aspen_description'
[1.526s] Level 1:colcon.colcon_core.package_discovery:discover_packages(recursive) using defaults
[1.526s] Level 1:colcon.colcon_core.package_discovery:discover_packages(ignore) discover
[1.526s] Level 1:colcon.colcon_core.package_discovery:discover_packages(ignore) using defaults
[1.526s] Level 1:colcon.colcon_core.package_discovery:discover_packages(path) discover
[1.526s] Level 1:colcon.colcon_core.package_discovery:discover_packages(path) using defaults
[1.618s] Level 1:colcon.colcon_core.package_discovery:discover_packages(prefix_path) check parameters
[1.618s] Level 1:colcon.colcon_core.package_discovery:discover_packages(prefix_path) discover
[1.630s] DEBUG:colcon.colcon_installed_package_information.package_discovery:Found 1 installed packages in /home/aspen/ros2_ws/src/aspen_description/install
[1.641s] DEBUG:colcon.colcon_installed_package_information.package_discovery:Found 273 installed packages in /opt/ros/humble
[1.647s] Level 1:colcon.colcon_core.package_discovery:discover_packages(prefix_path) using defaults
[1.907s] Level 5:colcon.colcon_core.verb:set package 'aspen_description' build argument 'cmake_args' from command line to 'None'
[1.908s] Level 5:colcon.colcon_core.verb:set package 'aspen_description' build argument 'cmake_target' from command line to 'None'
[1.908s] Level 5:colcon.colcon_core.verb:set package 'aspen_description' build argument 'cmake_target_skip_unavailable' from command line to 'False'
[1.908s] Level 5:colcon.colcon_core.verb:set package 'aspen_description' build argument 'cmake_clean_cache' from command line to 'False'
[1.908s] Level 5:colcon.colcon_core.verb:set package 'aspen_description' build argument 'cmake_clean_first' from command line to 'False'
[1.908s] Level 5:colcon.colcon_core.verb:set package 'aspen_description' build argument 'cmake_force_configure' from command line to 'False'
[1.908s] Level 5:colcon.colcon_core.verb:set package 'aspen_description' build argument 'ament_cmake_args' from command line to 'None'
[1.908s] Level 5:colcon.colcon_core.verb:set package 'aspen_description' build argument 'catkin_cmake_args' from command line to 'None'
[1.909s] Level 5:colcon.colcon_core.verb:set package 'aspen_description' build argument 'catkin_skip_building_tests' from command line to 'False'
[1.909s] DEBUG:colcon.colcon_core.verb:Building package 'aspen_description' with the following arguments: {'ament_cmake_args': None, 'build_base': '/home/aspen/ros2_ws/src/aspen_description/build/aspen_description', 'catkin_cmake_args': None, 'catkin_skip_building_tests': False, 'cmake_args': None, 'cmake_clean_cache': False, 'cmake_clean_first': False, 'cmake_force_configure': False, 'cmake_target': None, 'cmake_target_skip_unavailable': False, 'install_base': '/home/aspen/ros2_ws/src/aspen_description/install/aspen_description', 'merge_install': False, 'path': '/home/aspen/ros2_ws/src/aspen_description', 'symlink_install': False, 'test_result_base': None}
[1.912s] INFO:colcon.colcon_core.executor:Executing jobs using 'parallel' executor
[1.927s] DEBUG:colcon.colcon_parallel_executor.executor.parallel:run_until_complete
[1.928s] INFO:colcon.colcon_ros.task.ament_cmake.build:Building ROS package in '/home/aspen/ros2_ws/src/aspen_description' with build type 'ament_cmake'
[1.929s] INFO:colcon.colcon_cmake.task.cmake.build:Building CMake package in '/home/aspen/ros2_ws/src/aspen_description'
[1.950s] INFO:colcon.colcon_core.plugin_system:Skipping extension 'colcon_core.shell.bat': Not used on non-Windows systems
[1.951s] INFO:colcon.colcon_core.shell:Skip shell extension 'powershell' for command environment: Not usable outside of PowerShell
[1.951s] DEBUG:colcon.colcon_core.shell:Skip shell extension 'dsv' for command environment
[2.002s] DEBUG:colcon.colcon_core.event_handler.log_command:Invoking command in '/home/aspen/ros2_ws/src/aspen_description/build/aspen_description': CMAKE_PREFIX_PATH=${CMAKE_PREFIX_PATH}:/opt/ros/humble /usr/bin/cmake --build /home/aspen/ros2_ws/src/aspen_description/build/aspen_description -- -j4 -l4
[2.149s] DEBUG:colcon.colcon_core.event_handler.log_command:Invoked command in '/home/aspen/ros2_ws/src/aspen_description/build/aspen_description' returned '0': CMAKE_PREFIX_PATH=${CMAKE_PREFIX_PATH}:/opt/ros/humble /usr/bin/cmake --build /home/aspen/ros2_ws/src/aspen_description/build/aspen_description -- -j4 -l4
[2.306s] DEBUG:colcon.colcon_core.event_handler.log_command:Invoking command in '/home/aspen/ros2_ws/src/aspen_description/build/aspen_description': CMAKE_PREFIX_PATH=${CMAKE_PREFIX_PATH}:/opt/ros/humble /usr/bin/cmake --install /home/aspen/ros2_ws/src/aspen_description/build/aspen_description
[2.348s] Level 1:colcon.colcon_core.environment:create_environment_scripts_only(aspen_description)
[2.351s] DEBUG:colcon.colcon_core.event_handler.log_command:Invoked command in '/home/aspen/ros2_ws/src/aspen_description/build/aspen_description' returned '0': CMAKE_PREFIX_PATH=${CMAKE_PREFIX_PATH}:/opt/ros/humble /usr/bin/cmake --install /home/aspen/ros2_ws/src/aspen_description/build/aspen_description
[2.369s] Level 1:colcon.colcon_core.environment:checking '/home/aspen/ros2_ws/src/aspen_description/install/aspen_description' for CMake module files
[2.372s] Level 1:colcon.colcon_core.environment:checking '/home/aspen/ros2_ws/src/aspen_description/install/aspen_description' for CMake config files
[2.374s] Level 1:colcon.colcon_core.shell:create_environment_hook('aspen_description', 'cmake_prefix_path')
[2.379s] INFO:colcon.colcon_core.shell:Creating environment hook '/home/aspen/ros2_ws/src/aspen_description/install/aspen_description/share/aspen_description/hook/cmake_prefix_path.ps1'
[2.382s] INFO:colcon.colcon_core.shell:Creating environment descriptor '/home/aspen/ros2_ws/src/aspen_description/install/aspen_description/share/aspen_description/hook/cmake_prefix_path.dsv'
[2.384s] INFO:colcon.colcon_core.shell:Creating environment hook '/home/aspen/ros2_ws/src/aspen_description/install/aspen_description/share/aspen_description/hook/cmake_prefix_path.sh'
[2.387s] Level 1:colcon.colcon_core.environment:checking '/home/aspen/ros2_ws/src/aspen_description/install/aspen_description/bin'
[2.388s] Level 1:colcon.colcon_core.environment:checking '/home/aspen/ros2_ws/src/aspen_description/install/aspen_description/lib/pkgconfig/aspen_description.pc'
[2.389s] Level 1:colcon.colcon_core.environment:checking '/home/aspen/ros2_ws/src/aspen_description/install/aspen_description/lib/python3.10/site-packages'
[2.390s] Level 1:colcon.colcon_core.environment:checking '/home/aspen/ros2_ws/src/aspen_description/install/aspen_description/bin'
[2.395s] INFO:colcon.colcon_core.shell:Creating package script '/home/aspen/ros2_ws/src/aspen_description/install/aspen_description/share/aspen_description/package.ps1'
[2.399s] INFO:colcon.colcon_core.shell:Creating package descriptor '/home/aspen/ros2_ws/src/aspen_description/install/aspen_description/share/aspen_description/package.dsv'
[2.437s] INFO:colcon.colcon_core.shell:Creating package script '/home/aspen/ros2_ws/src/aspen_description/install/aspen_description/share/aspen_description/package.sh'
[2.442s] INFO:colcon.colcon_core.shell:Creating package script '/home/aspen/ros2_ws/src/aspen_description/install/aspen_description/share/aspen_description/package.bash'
[2.447s] INFO:colcon.colcon_core.shell:Creating package script '/home/aspen/ros2_ws/src/aspen_description/install/aspen_description/share/aspen_description/package.zsh'
[2.451s] Level 1:colcon.colcon_core.environment:create_file_with_runtime_dependencies(/home/aspen/ros2_ws/src/aspen_description/install/aspen_description/share/colcon-core/packages/aspen_description)
[2.564s] Level 1:colcon.colcon_core.environment:create_environment_scripts_only(aspen_description)
[2.574s] Level 1:colcon.colcon_core.environment:checking '/home/aspen/ros2_ws/src/aspen_description/install/aspen_description' for CMake module files
[2.578s] Level 1:colcon.colcon_core.environment:checking '/home/aspen/ros2_ws/src/aspen_description/install/aspen_description' for CMake config files
[2.583s] Level 1:colcon.colcon_core.shell:create_environment_hook('aspen_description', 'cmake_prefix_path')
[2.591s] INFO:colcon.colcon_core.shell:Creating environment hook '/home/aspen/ros2_ws/src/aspen_description/install/aspen_description/share/aspen_description/hook/cmake_prefix_path.ps1'
[2.594s] INFO:colcon.colcon_core.shell:Creating environment descriptor '/home/aspen/ros2_ws/src/aspen_description/install/aspen_description/share/aspen_description/hook/cmake_prefix_path.dsv'
[2.597s] INFO:colcon.colcon_core.shell:Creating environment hook '/home/aspen/ros2_ws/src/aspen_description/install/aspen_description/share/aspen_description/hook/cmake_prefix_path.sh'
[2.601s] Level 1:colcon.colcon_core.environment:checking '/home/aspen/ros2_ws/src/aspen_description/install/aspen_description/bin'
[2.601s] Level 1:colcon.colcon_core.environment:checking '/home/aspen/ros2_ws/src/aspen_description/install/aspen_description/lib/pkgconfig/aspen_description.pc'
[2.603s] Level 1:colcon.colcon_core.environment:checking '/home/aspen/ros2_ws/src/aspen_description/install/aspen_description/lib/python3.10/site-packages'
[2.604s] Level 1:colcon.colcon_core.environment:checking '/home/aspen/ros2_ws/src/aspen_description/install/aspen_description/bin'
[2.611s] INFO:colcon.colcon_core.shell:Creating package script '/home/aspen/ros2_ws/src/aspen_description/install/aspen_description/share/aspen_description/package.ps1'
[2.613s] INFO:colcon.colcon_core.shell:Creating package descriptor '/home/aspen/ros2_ws/src/aspen_description/install/aspen_description/share/aspen_description/package.dsv'
[2.616s] INFO:colcon.colcon_core.shell:Creating package script '/home/aspen/ros2_ws/src/aspen_description/install/aspen_description/share/aspen_description/package.sh'
[2.619s] INFO:colcon.colcon_core.shell:Creating package script '/home/aspen/ros2_ws/src/aspen_description/install/aspen_description/share/aspen_description/package.bash'
[2.622s] INFO:colcon.colcon_core.shell:Creating package script '/home/aspen/ros2_ws/src/aspen_description/install/aspen_description/share/aspen_description/package.zsh'
[2.624s] Level 1:colcon.colcon_core.environment:create_file_with_runtime_dependencies(/home/aspen/ros2_ws/src/aspen_description/install/aspen_description/share/colcon-core/packages/aspen_description)
[2.625s] DEBUG:colcon.colcon_parallel_executor.executor.parallel:closing loop
[2.628s] DEBUG:colcon.colcon_parallel_executor.executor.parallel:loop closed
[2.629s] DEBUG:colcon.colcon_parallel_executor.executor.parallel:run_until_complete finished with '0'
[2.629s] DEBUG:colcon.colcon_core.event_reactor:joining thread
[2.657s] INFO:colcon.colcon_core.plugin_system:Skipping extension 'colcon_notification.desktop_notification.notify_send': Could not find 'notify-send'
[2.658s] INFO:colcon.colcon_core.plugin_system:Skipping extension 'colcon_notification.desktop_notification.terminal_notifier': Not used on non-Darwin systems
[2.658s] INFO:colcon.colcon_core.plugin_system:Skipping extension 'colcon_notification.desktop_notification.win32': Not used on non-Windows systems
[2.658s] INFO:colcon.colcon_notification.desktop_notification:Sending desktop notification using 'notify2'
[2.661s] DEBUG:colcon.colcon_notification.desktop_notification.notify2:Failed to initialize notify2: org.freedesktop.DBus.Error.ServiceUnknown: The name org.freedesktop.Notifications was not provided by any .service files
[2.662s] DEBUG:colcon.colcon_core.event_reactor:joined thread
[2.667s] INFO:colcon.colcon_core.shell:Creating prefix script '/home/aspen/ros2_ws/src/aspen_description/install/local_setup.ps1'
[2.671s] INFO:colcon.colcon_core.shell:Creating prefix util module '/home/aspen/ros2_ws/src/aspen_description/install/_local_setup_util_ps1.py'
[2.678s] INFO:colcon.colcon_core.shell:Creating prefix chain script '/home/aspen/ros2_ws/src/aspen_description/install/setup.ps1'
[2.685s] INFO:colcon.colcon_core.shell:Creating prefix script '/home/aspen/ros2_ws/src/aspen_description/install/local_setup.sh'
[2.688s] INFO:colcon.colcon_core.shell:Creating prefix util module '/home/aspen/ros2_ws/src/aspen_description/install/_local_setup_util_sh.py'
[2.691s] INFO:colcon.colcon_core.shell:Creating prefix chain script '/home/aspen/ros2_ws/src/aspen_description/install/setup.sh'
[2.698s] INFO:colcon.colcon_core.shell:Creating prefix script '/home/aspen/ros2_ws/src/aspen_description/install/local_setup.bash'
[2.700s] INFO:colcon.colcon_core.shell:Creating prefix chain script '/home/aspen/ros2_ws/src/aspen_description/install/setup.bash'
[2.707s] INFO:colcon.colcon_core.shell:Creating prefix script '/home/aspen/ros2_ws/src/aspen_description/install/local_setup.zsh'
[2.710s] INFO:colcon.colcon_core.shell:Creating prefix chain script '/home/aspen/ros2_ws/src/aspen_description/install/setup.zsh'
