[0.068s] Invoking command in '/home/aspen/ros2_ws/src/aspen_description/build/aspen_description': CMAKE_PREFIX_PATH=${CMAKE_PREFIX_PATH}:/opt/ros/humble /usr/bin/cmake --build /home/aspen/ros2_ws/src/aspen_description/build/aspen_description -- -j4 -l4
[0.231s] Invoked command in '/home/aspen/ros2_ws/src/aspen_description/build/aspen_description' returned '0': CMAKE_PREFIX_PATH=${CMAKE_PREFIX_PATH}:/opt/ros/humble /usr/bin/cmake --build /home/aspen/ros2_ws/src/aspen_description/build/aspen_description -- -j4 -l4
[0.410s] Invoking command in '/home/aspen/ros2_ws/src/aspen_description/build/aspen_description': CMAKE_PREFIX_PATH=${CMAKE_PREFIX_PATH}:/opt/ros/humble /usr/bin/cmake --install /home/aspen/ros2_ws/src/aspen_description/build/aspen_description
[0.436s] -- Install configuration: ""
[0.437s] -- Up-to-date: /home/aspen/ros2_ws/src/aspen_description/install/aspen_description/share/aspen_description/src
[0.438s] -- Up-to-date: /home/aspen/ros2_ws/src/aspen_description/install/aspen_description/share/aspen_description/src/description
[0.439s] -- Up-to-date: /home/aspen/ros2_ws/src/aspen_description/install/aspen_description/share/aspen_description/src/description/aspen_description.urdf
[0.439s] -- Up-to-date: /home/aspen/ros2_ws/src/aspen_description/install/aspen_description/share/aspen_description/launch
[0.440s] -- Up-to-date: /home/aspen/ros2_ws/src/aspen_description/install/aspen_description/share/aspen_description/launch/display.launch.py
[0.442s] -- Up-to-date: /home/aspen/ros2_ws/src/aspen_description/install/aspen_description/share/aspen_description/rviz
[0.442s] -- Up-to-date: /home/aspen/ros2_ws/src/aspen_description/install/aspen_description/share/aspen_description/rviz/urdf_config.rviz
[0.443s] -- Up-to-date: /home/aspen/ros2_ws/src/aspen_description/install/aspen_description/share/ament_index/resource_index/package_run_dependencies/aspen_description
[0.444s] -- Up-to-date: /home/aspen/ros2_ws/src/aspen_description/install/aspen_description/share/ament_index/resource_index/parent_prefix_path/aspen_description
[0.445s] -- Up-to-date: /home/aspen/ros2_ws/src/aspen_description/install/aspen_description/share/aspen_description/environment/ament_prefix_path.sh
[0.445s] -- Up-to-date: /home/aspen/ros2_ws/src/aspen_description/install/aspen_description/share/aspen_description/environment/ament_prefix_path.dsv
[0.446s] -- Up-to-date: /home/aspen/ros2_ws/src/aspen_description/install/aspen_description/share/aspen_description/environment/path.sh
[0.447s] -- Up-to-date: /home/aspen/ros2_ws/src/aspen_description/install/aspen_description/share/aspen_description/environment/path.dsv
[0.448s] -- Up-to-date: /home/aspen/ros2_ws/src/aspen_description/install/aspen_description/share/aspen_description/local_setup.bash
[0.449s] -- Up-to-date: /home/aspen/ros2_ws/src/aspen_description/install/aspen_description/share/aspen_description/local_setup.sh
[0.449s] -- Up-to-date: /home/aspen/ros2_ws/src/aspen_description/install/aspen_description/share/aspen_description/local_setup.zsh
[0.450s] -- Up-to-date: /home/aspen/ros2_ws/src/aspen_description/install/aspen_description/share/aspen_description/local_setup.dsv
[0.451s] -- Installing: /home/aspen/ros2_ws/src/aspen_description/install/aspen_description/share/aspen_description/package.dsv
[0.453s] -- Up-to-date: /home/aspen/ros2_ws/src/aspen_description/install/aspen_description/share/ament_index/resource_index/packages/aspen_description
[0.454s] -- Up-to-date: /home/aspen/ros2_ws/src/aspen_description/install/aspen_description/share/aspen_description/cmake/aspen_descriptionConfig.cmake
[0.458s] -- Up-to-date: /home/aspen/ros2_ws/src/aspen_description/install/aspen_description/share/aspen_description/cmake/aspen_descriptionConfig-version.cmake
[0.459s] -- Up-to-date: /home/aspen/ros2_ws/src/aspen_description/install/aspen_description/share/aspen_description/package.xml
[0.460s] Invoked command in '/home/aspen/ros2_ws/src/aspen_description/build/aspen_description' returned '0': CMAKE_PREFIX_PATH=${CMAKE_PREFIX_PATH}:/opt/ros/humble /usr/bin/cmake --install /home/aspen/ros2_ws/src/aspen_description/build/aspen_description
