[0.069s] Invoking command in '/home/aspen/ros2_ws/src/aspen_description/build/aspen_description': CMAKE_PREFIX_PATH=${CMAKE_PREFIX_PATH}:/opt/ros/humble /usr/bin/cmake --build /home/aspen/ros2_ws/src/aspen_description/build/aspen_description -- -j4 -l4
[0.248s] Invoked command in '/home/aspen/ros2_ws/src/aspen_description/build/aspen_description' returned '0': CMAKE_PREFIX_PATH=${CMAKE_PREFIX_PATH}:/opt/ros/humble /usr/bin/cmake --build /home/aspen/ros2_ws/src/aspen_description/build/aspen_description -- -j4 -l4
[0.390s] Invoking command in '/home/aspen/ros2_ws/src/aspen_description/build/aspen_description': CMAKE_PREFIX_PATH=${CMAKE_PREFIX_PATH}:/opt/ros/humble /usr/bin/cmake --install /home/aspen/ros2_ws/src/aspen_description/build/aspen_description
[0.419s] -- Install configuration: ""
[0.420s] -- Up-to-date: /home/aspen/ros2_ws/src/aspen_description/install/aspen_description/share/aspen_description/src
[0.421s] -- Up-to-date: /home/aspen/ros2_ws/src/aspen_description/install/aspen_description/share/aspen_description/src/description
[0.422s] -- Up-to-date: /home/aspen/ros2_ws/src/aspen_description/install/aspen_description/share/aspen_description/src/description/aspen_description.urdf
[0.422s] -- Up-to-date: /home/aspen/ros2_ws/src/aspen_description/install/aspen_description/share/aspen_description/launch
[0.423s] -- Installing: /home/aspen/ros2_ws/src/aspen_description/install/aspen_description/share/aspen_description/launch/display.launch.py
[0.424s] -- Up-to-date: /home/aspen/ros2_ws/src/aspen_description/install/aspen_description/share/aspen_description/rviz
[0.425s] -- Up-to-date: /home/aspen/ros2_ws/src/aspen_description/install/aspen_description/share/aspen_description/rviz/urdf_config.rviz
[0.426s] -- Up-to-date: /home/aspen/ros2_ws/src/aspen_description/install/aspen_description/share/ament_index/resource_index/package_run_dependencies/aspen_description
[0.427s] -- Up-to-date: /home/aspen/ros2_ws/src/aspen_description/install/aspen_description/share/ament_index/resource_index/parent_prefix_path/aspen_description
[0.428s] -- Up-to-date: /home/aspen/ros2_ws/src/aspen_description/install/aspen_description/share/aspen_description/environment/ament_prefix_path.sh
[0.429s] -- Up-to-date: /home/aspen/ros2_ws/src/aspen_description/install/aspen_description/share/aspen_description/environment/ament_prefix_path.dsv
[0.430s] -- Up-to-date: /home/aspen/ros2_ws/src/aspen_description/install/aspen_description/share/aspen_description/environment/path.sh
[0.431s] -- Up-to-date: /home/aspen/ros2_ws/src/aspen_description/install/aspen_description/share/aspen_description/environment/path.dsv
[0.431s] -- Up-to-date: /home/aspen/ros2_ws/src/aspen_description/install/aspen_description/share/aspen_description/local_setup.bash
[0.432s] -- Up-to-date: /home/aspen/ros2_ws/src/aspen_description/install/aspen_description/share/aspen_description/local_setup.sh
[0.433s] -- Up-to-date: /home/aspen/ros2_ws/src/aspen_description/install/aspen_description/share/aspen_description/local_setup.zsh
[0.435s] -- Up-to-date: /home/aspen/ros2_ws/src/aspen_description/install/aspen_description/share/aspen_description/local_setup.dsv
[0.437s] -- Installing: /home/aspen/ros2_ws/src/aspen_description/install/aspen_description/share/aspen_description/package.dsv
[0.440s] -- Up-to-date: /home/aspen/ros2_ws/src/aspen_description/install/aspen_description/share/ament_index/resource_index/packages/aspen_description
[0.446s] -- Up-to-date: /home/aspen/ros2_ws/src/aspen_description/install/aspen_description/share/aspen_description/cmake/aspen_descriptionConfig.cmake
[0.447s] -- Up-to-date: /home/aspen/ros2_ws/src/aspen_description/install/aspen_description/share/aspen_description/cmake/aspen_descriptionConfig-version.cmake
[0.448s] -- Up-to-date: /home/aspen/ros2_ws/src/aspen_description/install/aspen_description/share/aspen_description/package.xml
[0.451s] Invoked command in '/home/aspen/ros2_ws/src/aspen_description/build/aspen_description' returned '0': CMAKE_PREFIX_PATH=${CMAKE_PREFIX_PATH}:/opt/ros/humble /usr/bin/cmake --install /home/aspen/ros2_ws/src/aspen_description/build/aspen_description
